<?xml version="1.0" encoding="UTF-8"?>
<testng-results skipped="0" failed="0" ignored="0" total="2" passed="2">
  <reporter-output>
  </reporter-output>
  <suite name="Default suite" duration-ms="66" started-at="2017-04-04T03:26:06Z" finished-at="2017-04-04T03:26:06Z">
    <groups>
    </groups>
    <test name="Default test" duration-ms="66" started-at="2017-04-04T03:26:06Z" finished-at="2017-04-04T03:26:06Z">
      <class name="lambo.SC001_TC001">
        <test-method status="PASS" signature="Test01_first()[pri:0, instance:lambo.SC001_TC001@4590c9c3]" name="Test01_first" duration-ms="26" started-at="2017-04-04T10:26:06Z" finished-at="2017-04-04T10:26:06Z">
          <reporter-output>
          </reporter-output>
        </test-method> <!-- Test01_first -->
        <test-method status="PASS" signature="Test02_second()[pri:0, instance:lambo.SC001_TC001@4590c9c3]" name="Test02_second" duration-ms="1" started-at="2017-04-04T10:26:06Z" finished-at="2017-04-04T10:26:06Z">
          <reporter-output>
          </reporter-output>
        </test-method> <!-- Test02_second -->
      </class> <!-- lambo.SC001_TC001 -->
    </test> <!-- Default test -->
  </suite> <!-- Default suite -->
</testng-results>
